Using pre-set license
Built from '2020.3/release' branch; Version is '2020.3.1f1 (77a89f25062f) revision 7841951'; Using compiler version '192528614'; Build Type 'Release'
OS: 'Windows 10 Home; OS build 19042.985; Version 2009; 64bit' Language: 'en' Physical Memory: 8077 MB
BatchMode: 1, IsHumanControllingUs: 0, StartBugReporterOnCrash: 0, Is64bit: 1, IsPro: 0

 COMMAND LINE ARGUMENTS:
C:\Program Files\Unity\Hub\Editor\2020.3.1f1\Editor\Unity.exe
-adb2
-batchMode
-noUpm
-name
AssetImportWorker1
-projectPath
C:/Users/chris/Documents/2021-A-Space-Odyssey/2021 A Space Odyssey
-logFile
Logs/AssetImportWorker1.log
-srvPort
52129
Successfully changed project path to: C:/Users/chris/Documents/2021-A-Space-Odyssey/2021 A Space Odyssey
C:/Users/chris/Documents/2021-A-Space-Odyssey/2021 A Space Odyssey
Using Asset Import Pipeline V2.
Refreshing native plugins compatible for Editor in 75.06 ms, found 0 plugins.
Preloading 0 native plugins for Editor in 0.00 ms.
Initialize engine version: 2020.3.1f1 (77a89f25062f)
[Subsystems] Discovering subsystems at path C:/Program Files/Unity/Hub/Editor/2020.3.1f1/Editor/Data/Resources/UnitySubsystems
[Subsystems] Discovering subsystems at path C:/Users/chris/Documents/2021-A-Space-Odyssey/2021 A Space Odyssey/Assets
GfxDevice: creating device client; threaded=0
Direct3D:
    Version:  Direct3D 11.0 [level 11.1]
    Renderer: Intel(R) HD Graphics 620 (ID=0x5916)
    Vendor:   
    VRAM:     4038 MB
    Driver:   27.20.100.9466
Initialize mono
Mono path[0] = 'C:/Program Files/Unity/Hub/Editor/2020.3.1f1/Editor/Data/Managed'
Mono path[1] = 'C:/Program Files/Unity/Hub/Editor/2020.3.1f1/Editor/Data/MonoBleedingEdge/lib/mono/unityjit'
Mono config path = 'C:/Program Files/Unity/Hub/Editor/2020.3.1f1/Editor/Data/MonoBleedingEdge/etc'
Using monoOptions --debugger-agent=transport=dt_socket,embedding=1,server=y,suspend=n,address=127.0.0.1:56776
Begin MonoManager ReloadAssembly
Registering precompiled unity dll's ...
Register platform support module: C:/Program Files/Unity/Hub/Editor/2020.3.1f1/Editor/Data/PlaybackEngines/WebGLSupport/UnityEditor.WebGL.Extensions.dll
Register platform support module: C:/Program Files/Unity/Hub/Editor/2020.3.1f1/Editor/Data/PlaybackEngines/MacStandaloneSupport/UnityEditor.OSXStandalone.Extensions.dll
Register platform support module: C:/Program Files/Unity/Hub/Editor/2020.3.1f1/Editor/Data/PlaybackEngines/WindowsStandaloneSupport/UnityEditor.WindowsStandalone.Extensions.dll
Register platform support module: C:/Program Files/Unity/Hub/Editor/2020.3.1f1/Editor/Data/PlaybackEngines/LinuxStandaloneSupport/UnityEditor.LinuxStandalone.Extensions.dll
Registered in 0.011908 seconds.
Native extension for LinuxStandalone target not found
Native extension for WindowsStandalone target not found
Native extension for OSXStandalone target not found
Native extension for WebGL target not found
Refreshing native plugins compatible for Editor in 61.93 ms, found 0 plugins.
Preloading 0 native plugins for Editor in 0.00 ms.
Invoked RoslynAnalysisRunner static constructor.
RoslynAnalysisRunner will not be running.
RoslynAnalysisRunner has terminated.
Mono: successfully reloaded assembly
- Completed reload, in  3.801 seconds
Platform modules already initialized, skipping
Registering precompiled user dll's ...
Registered in 0.006443 seconds.
Begin MonoManager ReloadAssembly
Native extension for LinuxStandalone target not found
Native extension for WindowsStandalone target not found
Native extension for OSXStandalone target not found
Native extension for WebGL target not found
Refreshing native plugins compatible for Editor in 62.50 ms, found 0 plugins.
Preloading 0 native plugins for Editor in 0.00 ms.
Invoked RoslynAnalysisRunner static constructor.
RoslynAnalysisRunner will not be running.
RoslynAnalysisRunner has terminated.
Mono: successfully reloaded assembly
- Completed reload, in  1.545 seconds
Platform modules already initialized, skipping
========================================================================
Worker process is ready to serve import requests
Shader 'Universal Render Pipeline/Particles/Lit': fallback shader 'Universal Render Pipeline/Particles/SimpleLit' not found
Shader 'Universal Render Pipeline/Particles/Lit': fallback shader 'Universal Render Pipeline/Particles/SimpleLit' not found
Launched and connected shader compiler UnityShaderCompiler.exe after 0.09 seconds
Refreshing native plugins compatible for Editor in 0.89 ms, found 0 plugins.
Preloading 0 native plugins for Editor in 0.00 ms.
Unloading 2468 Unused Serialized files (Serialized files now loaded: 0)
System memory in use before: 115.9 MB.
System memory in use after: 113.5 MB.

Unloading 47 unused Assets to reduce memory usage. Loaded Objects now: 2878.
Total: 6.966600 ms (FindLiveObjects: 0.521300 ms CreateObjectMapping: 0.301600 ms MarkObjects: 3.901600 ms  DeleteObjects: 2.239700 ms)

========================================================================
Received Import Request.
  path: Assets/Audio/Music/Intro.mp3
  artifactKey: Guid(7b77d61be572bd04daf9eb1af1334237) Importer(815301076,1909f56bfc062723c751e8b465ee728b)
Start importing Assets/Audio/Music/Intro.mp3 using Guid(7b77d61be572bd04daf9eb1af1334237) Importer(815301076,1909f56bfc062723c751e8b465ee728b)  -> (artifact id: '9fe715f76943b669b6507ae04fe4389c') in 0.366252 seconds
  Import took 0.375426 seconds .

========================================================================
Received Import Request.
  Time since last request: 4.498443 seconds.
  path: Assets/Audio/Music/Intro.mp3
  artifactKey: Guid(7b77d61be572bd04daf9eb1af1334237) Importer(815301076,1909f56bfc062723c751e8b465ee728b)
Start importing Assets/Audio/Music/Intro.mp3 using Guid(7b77d61be572bd04daf9eb1af1334237) Importer(815301076,1909f56bfc062723c751e8b465ee728b)  -> (artifact id: 'a6b3fb1be0505abc6e79547438164706') in 0.026197 seconds
  Import took 0.037200 seconds .

========================================================================
Received Prepare
Registering precompiled user dll's ...
Registered in 0.002690 seconds.
Begin MonoManager ReloadAssembly
Native extension for LinuxStandalone target not found
Native extension for WindowsStandalone target not found
Native extension for OSXStandalone target not found
Native extension for WebGL target not found
Refreshing native plugins compatible for Editor in 0.50 ms, found 0 plugins.
Preloading 0 native plugins for Editor in 0.00 ms.
Invoked RoslynAnalysisRunner static constructor.
RoslynAnalysisRunner will not be running.
RoslynAnalysisRunner has terminated.
Mono: successfully reloaded assembly
- Completed reload, in  1.250 seconds
Platform modules already initialized, skipping
Shader 'Universal Render Pipeline/Particles/Lit': fallback shader 'Universal Render Pipeline/Particles/SimpleLit' not found
Shader 'Universal Render Pipeline/Particles/Lit': fallback shader 'Universal Render Pipeline/Particles/SimpleLit' not found
Refreshing native plugins compatible for Editor in 0.78 ms, found 0 plugins.
Preloading 0 native plugins for Editor in 0.00 ms.
Unloading 2380 Unused Serialized files (Serialized files now loaded: 0)
System memory in use before: 114.7 MB.
System memory in use after: 112.4 MB.

Unloading 42 unused Assets to reduce memory usage. Loaded Objects now: 2890.
Total: 4.599900 ms (FindLiveObjects: 0.410400 ms CreateObjectMapping: 0.213400 ms MarkObjects: 2.187300 ms  DeleteObjects: 1.786800 ms)

========================================================================
Received Prepare
Registering precompiled user dll's ...
Registered in 0.002335 seconds.
Begin MonoManager ReloadAssembly
Native extension for LinuxStandalone target not found
Native extension for WindowsStandalone target not found
Native extension for OSXStandalone target not found
Native extension for WebGL target not found
Refreshing native plugins compatible for Editor in 0.87 ms, found 0 plugins.
Preloading 0 native plugins for Editor in 0.00 ms.
Invoked RoslynAnalysisRunner static constructor.
RoslynAnalysisRunner will not be running.
RoslynAnalysisRunner has terminated.
Mono: successfully reloaded assembly
- Completed reload, in  2.262 seconds
Platform modules already initialized, skipping
Shader 'Universal Render Pipeline/Particles/Lit': fallback shader 'Universal Render Pipeline/Particles/SimpleLit' not found
Shader 'Universal Render Pipeline/Particles/Lit': fallback shader 'Universal Render Pipeline/Particles/SimpleLit' not found
Refreshing native plugins compatible for Editor in 1.77 ms, found 0 plugins.
Preloading 0 native plugins for Editor in 0.00 ms.
Unloading 2380 Unused Serialized files (Serialized files now loaded: 0)
System memory in use before: 114.8 MB.
System memory in use after: 112.5 MB.

Unloading 42 unused Assets to reduce memory usage. Loaded Objects now: 2893.
Total: 5.318200 ms (FindLiveObjects: 0.445800 ms CreateObjectMapping: 0.205400 ms MarkObjects: 2.125300 ms  DeleteObjects: 2.539600 ms)

========================================================================
Received Prepare
Registering precompiled user dll's ...
Registered in 0.002883 seconds.
Begin MonoManager ReloadAssembly
Native extension for LinuxStandalone target not found
Native extension for WindowsStandalone target not found
Native extension for OSXStandalone target not found
Native extension for WebGL target not found
Refreshing native plugins compatible for Editor in 0.53 ms, found 0 plugins.
Preloading 0 native plugins for Editor in 0.00 ms.
Invoked RoslynAnalysisRunner static constructor.
RoslynAnalysisRunner will not be running.
RoslynAnalysisRunner has terminated.
Mono: successfully reloaded assembly
- Completed reload, in  2.069 seconds
Platform modules already initialized, skipping
Shader 'Universal Render Pipeline/Particles/Lit': fallback shader 'Universal Render Pipeline/Particles/SimpleLit' not found
Shader 'Universal Render Pipeline/Particles/Lit': fallback shader 'Universal Render Pipeline/Particles/SimpleLit' not found
Refreshing native plugins compatible for Editor in 0.60 ms, found 0 plugins.
Preloading 0 native plugins for Editor in 0.00 ms.
Unloading 2380 Unused Serialized files (Serialized files now loaded: 0)
System memory in use before: 114.8 MB.
System memory in use after: 112.5 MB.

Unloading 42 unused Assets to reduce memory usage. Loaded Objects now: 2896.
Total: 7.996400 ms (FindLiveObjects: 0.579300 ms CreateObjectMapping: 0.403500 ms MarkObjects: 3.933300 ms  DeleteObjects: 3.078000 ms)

========================================================================
Received Prepare
Registering precompiled user dll's ...
Registered in 0.002075 seconds.
Begin MonoManager ReloadAssembly
Native extension for LinuxStandalone target not found
Native extension for WindowsStandalone target not found
Native extension for OSXStandalone target not found
Native extension for WebGL target not found
Refreshing native plugins compatible for Editor in 0.55 ms, found 0 plugins.
Preloading 0 native plugins for Editor in 0.00 ms.
Invoked RoslynAnalysisRunner static constructor.
RoslynAnalysisRunner will not be running.
RoslynAnalysisRunner has terminated.
Mono: successfully reloaded assembly
- Completed reload, in  1.680 seconds
Platform modules already initialized, skipping
Shader 'Universal Render Pipeline/Particles/Lit': fallback shader 'Universal Render Pipeline/Particles/SimpleLit' not found
Shader 'Universal Render Pipeline/Particles/Lit': fallback shader 'Universal Render Pipeline/Particles/SimpleLit' not found
Refreshing native plugins compatible for Editor in 0.56 ms, found 0 plugins.
Preloading 0 native plugins for Editor in 0.00 ms.
Unloading 2380 Unused Serialized files (Serialized files now loaded: 0)
System memory in use before: 114.8 MB.
System memory in use after: 112.5 MB.

Unloading 42 unused Assets to reduce memory usage. Loaded Objects now: 2899.
Total: 4.803800 ms (FindLiveObjects: 0.326700 ms CreateObjectMapping: 0.191600 ms MarkObjects: 2.513300 ms  DeleteObjects: 1.770400 ms)

========================================================================
Received Prepare
Registering precompiled user dll's ...
Registered in 0.001743 seconds.
Begin MonoManager ReloadAssembly
Native extension for LinuxStandalone target not found
Native extension for WindowsStandalone target not found
Native extension for OSXStandalone target not found
Native extension for WebGL target not found
Refreshing native plugins compatible for Editor in 0.91 ms, found 0 plugins.
Preloading 0 native plugins for Editor in 0.00 ms.
Invoked RoslynAnalysisRunner static constructor.
RoslynAnalysisRunner will not be running.
RoslynAnalysisRunner has terminated.
Mono: successfully reloaded assembly
- Completed reload, in  2.789 seconds
Platform modules already initialized, skipping
Shader 'Universal Render Pipeline/Particles/Lit': fallback shader 'Universal Render Pipeline/Particles/SimpleLit' not found
Shader 'Universal Render Pipeline/Particles/Lit': fallback shader 'Universal Render Pipeline/Particles/SimpleLit' not found
Refreshing native plugins compatible for Editor in 2.38 ms, found 0 plugins.
Preloading 0 native plugins for Editor in 0.00 ms.
Unloading 2380 Unused Serialized files (Serialized files now loaded: 0)
System memory in use before: 114.7 MB.
System memory in use after: 112.4 MB.

Unloading 42 unused Assets to reduce memory usage. Loaded Objects now: 2902.
Total: 7.654600 ms (FindLiveObjects: 0.359400 ms CreateObjectMapping: 0.228700 ms MarkObjects: 3.721100 ms  DeleteObjects: 3.343300 ms)

========================================================================
Received Prepare
Registering precompiled user dll's ...
Registered in 0.002062 seconds.
Begin MonoManager ReloadAssembly
Native extension for LinuxStandalone target not found
Native extension for WindowsStandalone target not found
Native extension for OSXStandalone target not found
Native extension for WebGL target not found
Refreshing native plugins compatible for Editor in 0.65 ms, found 0 plugins.
Preloading 0 native plugins for Editor in 0.00 ms.
Invoked RoslynAnalysisRunner static constructor.
RoslynAnalysisRunner will not be running.
RoslynAnalysisRunner has terminated.
Mono: successfully reloaded assembly
- Completed reload, in  2.203 seconds
Platform modules already initialized, skipping
Shader 'Universal Render Pipeline/Particles/Lit': fallback shader 'Universal Render Pipeline/Particles/SimpleLit' not found
Shader 'Universal Render Pipeline/Particles/Lit': fallback shader 'Universal Render Pipeline/Particles/SimpleLit' not found
Refreshing native plugins compatible for Editor in 0.81 ms, found 0 plugins.
Preloading 0 native plugins for Editor in 0.00 ms.
Unloading 2380 Unused Serialized files (Serialized files now loaded: 0)
System memory in use before: 114.8 MB.
System memory in use after: 112.5 MB.

Unloading 42 unused Assets to reduce memory usage. Loaded Objects now: 2905.
Total: 6.072800 ms (FindLiveObjects: 0.511900 ms CreateObjectMapping: 0.487000 ms MarkObjects: 2.891400 ms  DeleteObjects: 2.179600 ms)

========================================================================
Received Prepare
Registering precompiled user dll's ...
Registered in 0.005052 seconds.
Begin MonoManager ReloadAssembly
Native extension for LinuxStandalone target not found
Native extension for WindowsStandalone target not found
Native extension for OSXStandalone target not found
Native extension for WebGL target not found
Refreshing native plugins compatible for Editor in 3.34 ms, found 0 plugins.
Preloading 0 native plugins for Editor in 0.00 ms.
Invoked RoslynAnalysisRunner static constructor.
RoslynAnalysisRunner will not be running.
RoslynAnalysisRunner has terminated.
Mono: successfully reloaded assembly
- Completed reload, in  2.087 seconds
Platform modules already initialized, skipping
Shader 'Universal Render Pipeline/Particles/Lit': fallback shader 'Universal Render Pipeline/Particles/SimpleLit' not found
Shader 'Universal Render Pipeline/Particles/Lit': fallback shader 'Universal Render Pipeline/Particles/SimpleLit' not found
Refreshing native plugins compatible for Editor in 0.66 ms, found 0 plugins.
Preloading 0 native plugins for Editor in 0.00 ms.
Unloading 2380 Unused Serialized files (Serialized files now loaded: 0)
System memory in use before: 114.8 MB.
System memory in use after: 112.5 MB.

Unloading 42 unused Assets to reduce memory usage. Loaded Objects now: 2908.
Total: 7.036400 ms (FindLiveObjects: 1.480900 ms CreateObjectMapping: 0.419500 ms MarkObjects: 2.932400 ms  DeleteObjects: 2.200400 ms)

========================================================================
Received Import Request.
  Time since last request: 208.326179 seconds.
  path: Assets/Audio/Mixer.mixer
  artifactKey: Guid(146413e9f34ab314aa334a3e0bed4c4a) Importer(815301076,1909f56bfc062723c751e8b465ee728b)
Start importing Assets/Audio/Mixer.mixer using Guid(146413e9f34ab314aa334a3e0bed4c4a) Importer(815301076,1909f56bfc062723c751e8b465ee728b)  -> (artifact id: '2cfbc2645f9c0bcdfd37ca78124fb5b5') in 0.037071 seconds
  Import took 0.043797 seconds .

========================================================================
Received Import Request.
  Time since last request: 0.074527 seconds.
  path: Assets/Audio/Mixer.mixer
  artifactKey: Guid(146413e9f34ab314aa334a3e0bed4c4a) Importer(815301076,1909f56bfc062723c751e8b465ee728b)
Start importing Assets/Audio/Mixer.mixer using Guid(146413e9f34ab314aa334a3e0bed4c4a) Importer(815301076,1909f56bfc062723c751e8b465ee728b)  -> (artifact id: '2cfbc2645f9c0bcdfd37ca78124fb5b5') in 0.017949 seconds
  Import took 0.027644 seconds .

========================================================================
Received Prepare
Registering precompiled user dll's ...
Registered in 0.003697 seconds.
Begin MonoManager ReloadAssembly
Native extension for LinuxStandalone target not found
Native extension for WindowsStandalone target not found
Native extension for OSXStandalone target not found
Native extension for WebGL target not found
Refreshing native plugins compatible for Editor in 0.69 ms, found 0 plugins.
Preloading 0 native plugins for Editor in 0.00 ms.
Invoked RoslynAnalysisRunner static constructor.
RoslynAnalysisRunner will not be running.
RoslynAnalysisRunner has terminated.
Mono: successfully reloaded assembly
- Completed reload, in  5.288 seconds
Platform modules already initialized, skipping
Shader 'Universal Render Pipeline/Particles/Lit': fallback shader 'Universal Render Pipeline/Particles/SimpleLit' not found
Shader 'Universal Render Pipeline/Particles/Lit': fallback shader 'Universal Render Pipeline/Particles/SimpleLit' not found
Refreshing native plugins compatible for Editor in 0.86 ms, found 0 plugins.
Preloading 0 native plugins for Editor in 0.00 ms.
Unloading 2380 Unused Serialized files (Serialized files now loaded: 0)
System memory in use before: 114.9 MB.
System memory in use after: 112.6 MB.

Unloading 42 unused Assets to reduce memory usage. Loaded Objects now: 2911.
Total: 5.945200 ms (FindLiveObjects: 0.538200 ms CreateObjectMapping: 0.218400 ms MarkObjects: 3.223100 ms  DeleteObjects: 1.963400 ms)

========================================================================
Received Import Request.
  Time since last request: 793.339233 seconds.
  path: Assets/Audio/Music/Intro.mp3
  artifactKey: Guid(7b77d61be572bd04daf9eb1af1334237) Importer(815301076,1909f56bfc062723c751e8b465ee728b)
Start importing Assets/Audio/Music/Intro.mp3 using Guid(7b77d61be572bd04daf9eb1af1334237) Importer(815301076,1909f56bfc062723c751e8b465ee728b)  -> (artifact id: '62734f1d5d835ec3e4935e01f4f50fb5') in 0.111096 seconds
  Import took 0.119878 seconds .

========================================================================
Received Prepare
Registering precompiled user dll's ...
Registered in 0.004072 seconds.
Begin MonoManager ReloadAssembly
Native extension for LinuxStandalone target not found
Native extension for WindowsStandalone target not found
Native extension for OSXStandalone target not found
Native extension for WebGL target not found
Refreshing native plugins compatible for Editor in 0.81 ms, found 0 plugins.
Preloading 0 native plugins for Editor in 0.00 ms.
Invoked RoslynAnalysisRunner static constructor.
RoslynAnalysisRunner will not be running.
RoslynAnalysisRunner has terminated.
Mono: successfully reloaded assembly
- Completed reload, in  2.265 seconds
Platform modules already initialized, skipping
Shader 'Universal Render Pipeline/Particles/Lit': fallback shader 'Universal Render Pipeline/Particles/SimpleLit' not found
Shader 'Universal Render Pipeline/Particles/Lit': fallback shader 'Universal Render Pipeline/Particles/SimpleLit' not found
Refreshing native plugins compatible for Editor in 0.77 ms, found 0 plugins.
Preloading 0 native plugins for Editor in 0.00 ms.
Unloading 2380 Unused Serialized files (Serialized files now loaded: 0)
System memory in use before: 114.9 MB.
System memory in use after: 112.6 MB.

Unloading 42 unused Assets to reduce memory usage. Loaded Objects now: 2915.
Total: 6.458800 ms (FindLiveObjects: 0.575000 ms CreateObjectMapping: 0.258600 ms MarkObjects: 3.644300 ms  DeleteObjects: 1.978400 ms)

========================================================================
Received Prepare
Registering precompiled user dll's ...
Registered in 0.003141 seconds.
Begin MonoManager ReloadAssembly
Native extension for LinuxStandalone target not found
Native extension for WindowsStandalone target not found
Native extension for OSXStandalone target not found
Native extension for WebGL target not found
Refreshing native plugins compatible for Editor in 2.61 ms, found 0 plugins.
Preloading 0 native plugins for Editor in 0.00 ms.
Invoked RoslynAnalysisRunner static constructor.
RoslynAnalysisRunner will not be running.
RoslynAnalysisRunner has terminated.
Mono: successfully reloaded assembly
- Completed reload, in  4.759 seconds
Platform modules already initialized, skipping
Shader 'Universal Render Pipeline/Particles/Lit': fallback shader 'Universal Render Pipeline/Particles/SimpleLit' not found
Shader 'Universal Render Pipeline/Particles/Lit': fallback shader 'Universal Render Pipeline/Particles/SimpleLit' not found
Refreshing native plugins compatible for Editor in 0.69 ms, found 0 plugins.
Preloading 0 native plugins for Editor in 0.00 ms.
Unloading 2380 Unused Serialized files (Serialized files now loaded: 0)
System memory in use before: 114.8 MB.
System memory in use after: 112.5 MB.

Unloading 42 unused Assets to reduce memory usage. Loaded Objects now: 2918.
Total: 7.352100 ms (FindLiveObjects: 0.453200 ms CreateObjectMapping: 0.180500 ms MarkObjects: 3.218600 ms  DeleteObjects: 3.497000 ms)

========================================================================
Received Import Request.
  Time since last request: 173.264413 seconds.
  path: Assets/Audio/Music/Tutorial.mp3
  artifactKey: Guid(82fe909d8d6f80f40b2c6db3a0df3fb2) Importer(815301076,1909f56bfc062723c751e8b465ee728b)
Start importing Assets/Audio/Music/Tutorial.mp3 using Guid(82fe909d8d6f80f40b2c6db3a0df3fb2) Importer(815301076,1909f56bfc062723c751e8b465ee728b)  -> (artifact id: '3048e2fa11958f52e64b3edefb85b4eb') in 0.079212 seconds
  Import took 0.087886 seconds .

========================================================================
Received Import Request.
  Time since last request: 0.003005 seconds.
  path: Assets/Audio/Music/Tutorial.mp3
  artifactKey: Guid(82fe909d8d6f80f40b2c6db3a0df3fb2) Importer(815301076,1909f56bfc062723c751e8b465ee728b)
Start importing Assets/Audio/Music/Tutorial.mp3 using Guid(82fe909d8d6f80f40b2c6db3a0df3fb2) Importer(815301076,1909f56bfc062723c751e8b465ee728b)  -> (artifact id: '3048e2fa11958f52e64b3edefb85b4eb') in 0.021479 seconds
  Import took 0.028120 seconds .

========================================================================
Received Import Request.
  Time since last request: 0.617710 seconds.
  path: Assets/Audio/SFX/docking.wav
  artifactKey: Guid(61d7170d615303640a635bf1fe6e1073) Importer(815301076,1909f56bfc062723c751e8b465ee728b)
Start importing Assets/Audio/SFX/docking.wav using Guid(61d7170d615303640a635bf1fe6e1073) Importer(815301076,1909f56bfc062723c751e8b465ee728b)  -> (artifact id: 'e4340599284a69e7f6722e5378fa9f62') in 0.036109 seconds
  Import took 0.046775 seconds .

========================================================================
Received Import Request.
  Time since last request: 0.877434 seconds.
  path: Assets/Audio/Mixer.mixer
  artifactKey: Guid(146413e9f34ab314aa334a3e0bed4c4a) Importer(815301076,1909f56bfc062723c751e8b465ee728b)
Start importing Assets/Audio/Mixer.mixer using Guid(146413e9f34ab314aa334a3e0bed4c4a) Importer(815301076,1909f56bfc062723c751e8b465ee728b)  -> (artifact id: 'f6a84d95b5439dbd1fa307dfe6dc72c1') in 0.009943 seconds
  Import took 0.016980 seconds .

========================================================================
Received Import Request.
  Time since last request: 0.003109 seconds.
  path: Assets/Audio/Mixer.mixer
  artifactKey: Guid(146413e9f34ab314aa334a3e0bed4c4a) Importer(815301076,1909f56bfc062723c751e8b465ee728b)
Start importing Assets/Audio/Mixer.mixer using Guid(146413e9f34ab314aa334a3e0bed4c4a) Importer(815301076,1909f56bfc062723c751e8b465ee728b)  -> (artifact id: 'f6a84d95b5439dbd1fa307dfe6dc72c1') in 0.011471 seconds
  Import took 0.020074 seconds .

========================================================================
Received Import Request.
  Time since last request: 10.666771 seconds.
  path: Assets/Audio/Mixer.mixer
  artifactKey: Guid(146413e9f34ab314aa334a3e0bed4c4a) Importer(815301076,1909f56bfc062723c751e8b465ee728b)
Start importing Assets/Audio/Mixer.mixer using Guid(146413e9f34ab314aa334a3e0bed4c4a) Importer(815301076,1909f56bfc062723c751e8b465ee728b)  -> (artifact id: '451024e0726d7dd69aa4bfed3e0ec689') in 0.023971 seconds
  Import took 0.039795 seconds .

========================================================================
Received Prepare
Registering precompiled user dll's ...
Registered in 0.019013 seconds.
Begin MonoManager ReloadAssembly
Native extension for LinuxStandalone target not found
Native extension for WindowsStandalone target not found
Native extension for OSXStandalone target not found
Native extension for WebGL target not found
Refreshing native plugins compatible for Editor in 0.84 ms, found 0 plugins.
Preloading 0 native plugins for Editor in 0.00 ms.
Invoked RoslynAnalysisRunner static constructor.
RoslynAnalysisRunner will not be running.
RoslynAnalysisRunner has terminated.
Mono: successfully reloaded assembly
- Completed reload, in  5.084 seconds
Platform modules already initialized, skipping
Shader 'Universal Render Pipeline/Particles/Lit': fallback shader 'Universal Render Pipeline/Particles/SimpleLit' not found
Shader 'Universal Render Pipeline/Particles/Lit': fallback shader 'Universal Render Pipeline/Particles/SimpleLit' not found
Refreshing native plugins compatible for Editor in 1.10 ms, found 0 plugins.
Preloading 0 native plugins for Editor in 0.00 ms.
Unloading 2380 Unused Serialized files (Serialized files now loaded: 0)
System memory in use before: 114.9 MB.
System memory in use after: 112.6 MB.

Unloading 42 unused Assets to reduce memory usage. Loaded Objects now: 2922.
Total: 16.799800 ms (FindLiveObjects: 1.313000 ms CreateObjectMapping: 0.914200 ms MarkObjects: 8.166200 ms  DeleteObjects: 6.401900 ms)

========================================================================
Received Import Request.
  Time since last request: 469.572231 seconds.
  path: Assets/Audio/Music/Intro.mp3
  artifactKey: Guid(7b77d61be572bd04daf9eb1af1334237) Importer(815301076,1909f56bfc062723c751e8b465ee728b)
Start importing Assets/Audio/Music/Intro.mp3 using Guid(7b77d61be572bd04daf9eb1af1334237) Importer(815301076,1909f56bfc062723c751e8b465ee728b)  -> (artifact id: 'e98a6d998323239721e77266fd0eb6b4') in 0.087288 seconds
  Import took 0.098245 seconds .

========================================================================
Received Import Request.
  Time since last request: 0.009047 seconds.
  path: Assets/Audio/Music/Intro.mp3
  artifactKey: Guid(7b77d61be572bd04daf9eb1af1334237) Importer(815301076,1909f56bfc062723c751e8b465ee728b)
Start importing Assets/Audio/Music/Intro.mp3 using Guid(7b77d61be572bd04daf9eb1af1334237) Importer(815301076,1909f56bfc062723c751e8b465ee728b)  -> (artifact id: 'e98a6d998323239721e77266fd0eb6b4') in 0.020440 seconds
  Import took 0.026804 seconds .

========================================================================
Received Prepare
Registering precompiled user dll's ...
Registered in 0.004239 seconds.
Begin MonoManager ReloadAssembly
Native extension for LinuxStandalone target not found
Native extension for WindowsStandalone target not found
Native extension for OSXStandalone target not found
Native extension for WebGL target not found
Refreshing native plugins compatible for Editor in 0.54 ms, found 0 plugins.
Preloading 0 native plugins for Editor in 0.00 ms.
Invoked RoslynAnalysisRunner static constructor.
RoslynAnalysisRunner will not be running.
RoslynAnalysisRunner has terminated.
Mono: successfully reloaded assembly
- Completed reload, in  1.836 seconds
Platform modules already initialized, skipping
Shader 'Universal Render Pipeline/Particles/Lit': fallback shader 'Universal Render Pipeline/Particles/SimpleLit' not found
Shader 'Universal Render Pipeline/Particles/Lit': fallback shader 'Universal Render Pipeline/Particles/SimpleLit' not found
Refreshing native plugins compatible for Editor in 0.91 ms, found 0 plugins.
Preloading 0 native plugins for Editor in 0.00 ms.
Unloading 2380 Unused Serialized files (Serialized files now loaded: 0)
System memory in use before: 114.9 MB.
System memory in use after: 112.6 MB.

Unloading 42 unused Assets to reduce memory usage. Loaded Objects now: 2926.
Total: 4.650000 ms (FindLiveObjects: 0.378600 ms CreateObjectMapping: 0.198600 ms MarkObjects: 2.223100 ms  DeleteObjects: 1.847700 ms)

========================================================================
Received Import Request.
  Time since last request: 55.825192 seconds.
  path: Assets/Audio/Music/Intro.mp3
  artifactKey: Guid(7b77d61be572bd04daf9eb1af1334237) Importer(815301076,1909f56bfc062723c751e8b465ee728b)
Start importing Assets/Audio/Music/Intro.mp3 using Guid(7b77d61be572bd04daf9eb1af1334237) Importer(815301076,1909f56bfc062723c751e8b465ee728b)  -> (artifact id: '59d10031a44f50d96bd9c3d066ca6cc9') in 0.095576 seconds
  Import took 0.104794 seconds .

========================================================================
Received Import Request.
  Time since last request: 0.038534 seconds.
  path: Assets/Audio/Music/Intro.mp3
  artifactKey: Guid(7b77d61be572bd04daf9eb1af1334237) Importer(815301076,1909f56bfc062723c751e8b465ee728b)
Start importing Assets/Audio/Music/Intro.mp3 using Guid(7b77d61be572bd04daf9eb1af1334237) Importer(815301076,1909f56bfc062723c751e8b465ee728b)  -> (artifact id: '59d10031a44f50d96bd9c3d066ca6cc9') in 0.029420 seconds
  Import took 0.038623 seconds .

========================================================================
Received Prepare
Registering precompiled user dll's ...
Registered in 0.001936 seconds.
Begin MonoManager ReloadAssembly
Native extension for LinuxStandalone target not found
Native extension for WindowsStandalone target not found
Native extension for OSXStandalone target not found
Native extension for WebGL target not found
Refreshing native plugins compatible for Editor in 0.51 ms, found 0 plugins.
Preloading 0 native plugins for Editor in 0.00 ms.
Invoked RoslynAnalysisRunner static constructor.
RoslynAnalysisRunner will not be running.
RoslynAnalysisRunner has terminated.
Mono: successfully reloaded assembly
- Completed reload, in  1.377 seconds
Platform modules already initialized, skipping
Shader 'Universal Render Pipeline/Particles/Lit': fallback shader 'Universal Render Pipeline/Particles/SimpleLit' not found
Shader 'Universal Render Pipeline/Particles/Lit': fallback shader 'Universal Render Pipeline/Particles/SimpleLit' not found
Refreshing native plugins compatible for Editor in 1.16 ms, found 0 plugins.
Preloading 0 native plugins for Editor in 0.00 ms.
Unloading 2380 Unused Serialized files (Serialized files now loaded: 0)
System memory in use before: 114.9 MB.
System memory in use after: 112.6 MB.

Unloading 42 unused Assets to reduce memory usage. Loaded Objects now: 2930.
Total: 9.424800 ms (FindLiveObjects: 3.208000 ms CreateObjectMapping: 1.075000 ms MarkObjects: 3.245300 ms  DeleteObjects: 1.893300 ms)

========================================================================
Received Import Request.
  Time since last request: 24.932335 seconds.
  path: Assets/Audio/Music/Intro.mp3
  artifactKey: Guid(7b77d61be572bd04daf9eb1af1334237) Importer(815301076,1909f56bfc062723c751e8b465ee728b)
Start importing Assets/Audio/Music/Intro.mp3 using Guid(7b77d61be572bd04daf9eb1af1334237) Importer(815301076,1909f56bfc062723c751e8b465ee728b)  -> (artifact id: 'a76ec5013ea07cb33695f05258b0eedb') in 0.075703 seconds
  Import took 0.083774 seconds .

========================================================================
Received Prepare
Registering precompiled user dll's ...
Registered in 0.001834 seconds.
Begin MonoManager ReloadAssembly
Native extension for LinuxStandalone target not found
Native extension for WindowsStandalone target not found
Native extension for OSXStandalone target not found
Native extension for WebGL target not found
Refreshing native plugins compatible for Editor in 0.62 ms, found 0 plugins.
Preloading 0 native plugins for Editor in 0.00 ms.
Invoked RoslynAnalysisRunner static constructor.
RoslynAnalysisRunner will not be running.
RoslynAnalysisRunner has terminated.
Mono: successfully reloaded assembly
- Completed reload, in  2.990 seconds
Platform modules already initialized, skipping
Shader 'Universal Render Pipeline/Particles/Lit': fallback shader 'Universal Render Pipeline/Particles/SimpleLit' not found
Shader 'Universal Render Pipeline/Particles/Lit': fallback shader 'Universal Render Pipeline/Particles/SimpleLit' not found
Refreshing native plugins compatible for Editor in 2.03 ms, found 0 plugins.
Preloading 0 native plugins for Editor in 0.00 ms.
Unloading 2380 Unused Serialized files (Serialized files now loaded: 0)
System memory in use before: 115.0 MB.
System memory in use after: 112.6 MB.

Unloading 42 unused Assets to reduce memory usage. Loaded Objects now: 2934.
Total: 15.748700 ms (FindLiveObjects: 0.723100 ms CreateObjectMapping: 0.486700 ms MarkObjects: 7.484300 ms  DeleteObjects: 7.049400 ms)

========================================================================
Received Import Request.
  Time since last request: 48.277656 seconds.
  path: Assets/Audio/Music/Intro.mp3
  artifactKey: Guid(7b77d61be572bd04daf9eb1af1334237) Importer(815301076,1909f56bfc062723c751e8b465ee728b)
Start importing Assets/Audio/Music/Intro.mp3 using Guid(7b77d61be572bd04daf9eb1af1334237) Importer(815301076,1909f56bfc062723c751e8b465ee728b)  -> (artifact id: 'f18dff5d9c3db89298cba11a09b2c83a') in 0.071574 seconds
  Import took 0.078964 seconds .

========================================================================
Received Import Request.
  Time since last request: 0.025823 seconds.
  path: Assets/Audio/Music/Intro.mp3
  artifactKey: Guid(7b77d61be572bd04daf9eb1af1334237) Importer(815301076,1909f56bfc062723c751e8b465ee728b)
Start importing Assets/Audio/Music/Intro.mp3 using Guid(7b77d61be572bd04daf9eb1af1334237) Importer(815301076,1909f56bfc062723c751e8b465ee728b)  -> (artifact id: 'f18dff5d9c3db89298cba11a09b2c83a') in 0.015691 seconds
  Import took 0.022399 seconds .

========================================================================
Received Import Request.
  Time since last request: 21.535171 seconds.
  path: Assets/Audio/Mixer.mixer
  artifactKey: Guid(146413e9f34ab314aa334a3e0bed4c4a) Importer(815301076,1909f56bfc062723c751e8b465ee728b)
Start importing Assets/Audio/Mixer.mixer using Guid(146413e9f34ab314aa334a3e0bed4c4a) Importer(815301076,1909f56bfc062723c751e8b465ee728b)  -> (artifact id: 'c29a86e5b78b35f87817ef4daa35c1b0') in 0.025542 seconds
  Import took 0.037441 seconds .

========================================================================
Received Import Request.
  Time since last request: 6.617953 seconds.
  path: Assets/Audio/Mixer.mixer
  artifactKey: Guid(146413e9f34ab314aa334a3e0bed4c4a) Importer(815301076,1909f56bfc062723c751e8b465ee728b)
Start importing Assets/Audio/Mixer.mixer using Guid(146413e9f34ab314aa334a3e0bed4c4a) Importer(815301076,1909f56bfc062723c751e8b465ee728b)  -> (artifact id: 'aaf7a78074321a79ab23a4fa2f91bd3c') in 0.009072 seconds
  Import took 0.015710 seconds .

========================================================================
Received Import Request.
  Time since last request: 0.022081 seconds.
  path: Assets/Audio/Mixer.mixer
  artifactKey: Guid(146413e9f34ab314aa334a3e0bed4c4a) Importer(815301076,1909f56bfc062723c751e8b465ee728b)
Start importing Assets/Audio/Mixer.mixer using Guid(146413e9f34ab314aa334a3e0bed4c4a) Importer(815301076,1909f56bfc062723c751e8b465ee728b)  -> (artifact id: 'aaf7a78074321a79ab23a4fa2f91bd3c') in 0.018419 seconds
  Import took 0.027909 seconds .

========================================================================
Received Import Request.
  Time since last request: 4.407475 seconds.
  path: Assets/Audio/Mixer.mixer
  artifactKey: Guid(146413e9f34ab314aa334a3e0bed4c4a) Importer(815301076,1909f56bfc062723c751e8b465ee728b)
Start importing Assets/Audio/Mixer.mixer using Guid(146413e9f34ab314aa334a3e0bed4c4a) Importer(815301076,1909f56bfc062723c751e8b465ee728b)  -> (artifact id: 'e4bbdeec6536925849fa650caf3a2c72') in 0.014760 seconds
  Import took 0.024777 seconds .

========================================================================
Received Import Request.
  Time since last request: 0.910916 seconds.
  path: Assets/Audio/Mixer.mixer
  artifactKey: Guid(146413e9f34ab314aa334a3e0bed4c4a) Importer(815301076,1909f56bfc062723c751e8b465ee728b)
Start importing Assets/Audio/Mixer.mixer using Guid(146413e9f34ab314aa334a3e0bed4c4a) Importer(815301076,1909f56bfc062723c751e8b465ee728b)  -> (artifact id: 'd6040fcf9272e85a13c106db2894ae16') in 0.017118 seconds
  Import took 0.028538 seconds .

========================================================================
Received Import Request.
  Time since last request: 9.916395 seconds.
  path: Assets/Audio/Mixer.mixer
  artifactKey: Guid(146413e9f34ab314aa334a3e0bed4c4a) Importer(815301076,1909f56bfc062723c751e8b465ee728b)
Start importing Assets/Audio/Mixer.mixer using Guid(146413e9f34ab314aa334a3e0bed4c4a) Importer(815301076,1909f56bfc062723c751e8b465ee728b)  -> (artifact id: 'fbbaf7ef830d74e3cafab9f3afeb4afd') in 0.016287 seconds
  Import took 0.024171 seconds .

========================================================================
Received Prepare
Registering precompiled user dll's ...
Registered in 0.002013 seconds.
Begin MonoManager ReloadAssembly
Native extension for LinuxStandalone target not found
Native extension for WindowsStandalone target not found
Native extension for OSXStandalone target not found
Native extension for WebGL target not found
Refreshing native plugins compatible for Editor in 0.56 ms, found 0 plugins.
Preloading 0 native plugins for Editor in 0.00 ms.
Invoked RoslynAnalysisRunner static constructor.
RoslynAnalysisRunner will not be running.
RoslynAnalysisRunner has terminated.
Mono: successfully reloaded assembly
- Completed reload, in  2.143 seconds
Platform modules already initialized, skipping
Shader 'Universal Render Pipeline/Particles/Lit': fallback shader 'Universal Render Pipeline/Particles/SimpleLit' not found
Shader 'Universal Render Pipeline/Particles/Lit': fallback shader 'Universal Render Pipeline/Particles/SimpleLit' not found
Refreshing native plugins compatible for Editor in 0.59 ms, found 0 plugins.
Preloading 0 native plugins for Editor in 0.00 ms.
Unloading 2380 Unused Serialized files (Serialized files now loaded: 0)
System memory in use before: 114.8 MB.
System memory in use after: 112.5 MB.

Unloading 42 unused Assets to reduce memory usage. Loaded Objects now: 2938.
Total: 5.183600 ms (FindLiveObjects: 0.302900 ms CreateObjectMapping: 0.163600 ms MarkObjects: 2.853000 ms  DeleteObjects: 1.862300 ms)

========================================================================
Received Prepare
Registering precompiled user dll's ...
Registered in 0.006462 seconds.
Begin MonoManager ReloadAssembly
Native extension for LinuxStandalone target not found
Native extension for WindowsStandalone target not found
Native extension for OSXStandalone target not found
Native extension for WebGL target not found
Refreshing native plugins compatible for Editor in 0.82 ms, found 0 plugins.
Preloading 0 native plugins for Editor in 0.00 ms.
Invoked RoslynAnalysisRunner static constructor.
RoslynAnalysisRunner will not be running.
RoslynAnalysisRunner has terminated.
Mono: successfully reloaded assembly
- Completed reload, in  5.030 seconds
Platform modules already initialized, skipping
Shader 'Universal Render Pipeline/Particles/Lit': fallback shader 'Universal Render Pipeline/Particles/SimpleLit' not found
Shader 'Universal Render Pipeline/Particles/Lit': fallback shader 'Universal Render Pipeline/Particles/SimpleLit' not found
Refreshing native plugins compatible for Editor in 0.95 ms, found 0 plugins.
Preloading 0 native plugins for Editor in 0.00 ms.
Unloading 2380 Unused Serialized files (Serialized files now loaded: 0)
System memory in use before: 114.9 MB.
System memory in use after: 112.6 MB.

Unloading 42 unused Assets to reduce memory usage. Loaded Objects now: 2941.
Total: 22.370900 ms (FindLiveObjects: 4.728100 ms CreateObjectMapping: 0.809900 ms MarkObjects: 4.505700 ms  DeleteObjects: 12.323400 ms)

========================================================================
Received Prepare
Registering precompiled user dll's ...
Registered in 0.002131 seconds.
Begin MonoManager ReloadAssembly
Native extension for LinuxStandalone target not found
Native extension for WindowsStandalone target not found
Native extension for OSXStandalone target not found
Native extension for WebGL target not found
Refreshing native plugins compatible for Editor in 0.90 ms, found 0 plugins.
Preloading 0 native plugins for Editor in 0.00 ms.
Invoked RoslynAnalysisRunner static constructor.
RoslynAnalysisRunner will not be running.
RoslynAnalysisRunner has terminated.
Mono: successfully reloaded assembly
- Completed reload, in  2.763 seconds
Platform modules already initialized, skipping
Shader 'Universal Render Pipeline/Particles/Lit': fallback shader 'Universal Render Pipeline/Particles/SimpleLit' not found
Shader 'Universal Render Pipeline/Particles/Lit': fallback shader 'Universal Render Pipeline/Particles/SimpleLit' not found
Refreshing native plugins compatible for Editor in 0.89 ms, found 0 plugins.
Preloading 0 native plugins for Editor in 0.00 ms.
Unloading 2380 Unused Serialized files (Serialized files now loaded: 0)
System memory in use before: 114.9 MB.
System memory in use after: 112.6 MB.

Unloading 42 unused Assets to reduce memory usage. Loaded Objects now: 2944.
Total: 5.669300 ms (FindLiveObjects: 1.108700 ms CreateObjectMapping: 0.480000 ms MarkObjects: 2.253800 ms  DeleteObjects: 1.824400 ms)

========================================================================
Received Prepare
Registering precompiled user dll's ...
Registered in 0.006739 seconds.
Begin MonoManager ReloadAssembly
Native extension for LinuxStandalone target not found
Native extension for WindowsStandalone target not found
Native extension for OSXStandalone target not found
Native extension for WebGL target not found
Refreshing native plugins compatible for Editor in 3.89 ms, found 0 plugins.
Preloading 0 native plugins for Editor in 0.00 ms.
Invoked RoslynAnalysisRunner static constructor.
RoslynAnalysisRunner will not be running.
RoslynAnalysisRunner has terminated.
Mono: successfully reloaded assembly
- Completed reload, in  6.979 seconds
Platform modules already initialized, skipping
Shader 'Universal Render Pipeline/Particles/Lit': fallback shader 'Universal Render Pipeline/Particles/SimpleLit' not found
Shader 'Universal Render Pipeline/Particles/Lit': fallback shader 'Universal Render Pipeline/Particles/SimpleLit' not found
Refreshing native plugins compatible for Editor in 1.28 ms, found 0 plugins.
Preloading 0 native plugins for Editor in 0.00 ms.
Unloading 2380 Unused Serialized files (Serialized files now loaded: 0)
System memory in use before: 114.9 MB.
System memory in use after: 112.6 MB.

Unloading 42 unused Assets to reduce memory usage. Loaded Objects now: 2947.
Total: 5.644300 ms (FindLiveObjects: 0.395000 ms CreateObjectMapping: 0.277700 ms MarkObjects: 3.001400 ms  DeleteObjects: 1.967700 ms)

========================================================================
Received Prepare
Registering precompiled user dll's ...
Registered in 0.001852 seconds.
Begin MonoManager ReloadAssembly
Native extension for LinuxStandalone target not found
Native extension for WindowsStandalone target not found
Native extension for OSXStandalone target not found
Native extension for WebGL target not found
Refreshing native plugins compatible for Editor in 0.93 ms, found 0 plugins.
Preloading 0 native plugins for Editor in 0.00 ms.
Invoked RoslynAnalysisRunner static constructor.
RoslynAnalysisRunner will not be running.
RoslynAnalysisRunner has terminated.
Mono: successfully reloaded assembly
- Completed reload, in  2.154 seconds
Platform modules already initialized, skipping
Shader 'Universal Render Pipeline/Particles/Lit': fallback shader 'Universal Render Pipeline/Particles/SimpleLit' not found
Shader 'Universal Render Pipeline/Particles/Lit': fallback shader 'Universal Render Pipeline/Particles/SimpleLit' not found
Refreshing native plugins compatible for Editor in 0.85 ms, found 0 plugins.
Preloading 0 native plugins for Editor in 0.00 ms.
Unloading 2380 Unused Serialized files (Serialized files now loaded: 0)
System memory in use before: 114.9 MB.
System memory in use after: 112.6 MB.

Unloading 42 unused Assets to reduce memory usage. Loaded Objects now: 2950.
Total: 7.049900 ms (FindLiveObjects: 0.404200 ms CreateObjectMapping: 0.219200 ms MarkObjects: 3.790000 ms  DeleteObjects: 2.634700 ms)

========================================================================
Received Prepare
Registering precompiled user dll's ...
Registered in 0.002230 seconds.
Begin MonoManager ReloadAssembly
Native extension for LinuxStandalone target not found
Native extension for WindowsStandalone target not found
Native extension for OSXStandalone target not found
Native extension for WebGL target not found
Refreshing native plugins compatible for Editor in 0.54 ms, found 0 plugins.
Preloading 0 native plugins for Editor in 0.00 ms.
Invoked RoslynAnalysisRunner static constructor.
RoslynAnalysisRunner will not be running.
RoslynAnalysisRunner has terminated.
Mono: successfully reloaded assembly
- Completed reload, in  4.280 seconds
Platform modules already initialized, skipping
Shader 'Universal Render Pipeline/Particles/Lit': fallback shader 'Universal Render Pipeline/Particles/SimpleLit' not found
Shader 'Universal Render Pipeline/Particles/Lit': fallback shader 'Universal Render Pipeline/Particles/SimpleLit' not found
Refreshing native plugins compatible for Editor in 0.85 ms, found 0 plugins.
Preloading 0 native plugins for Editor in 0.00 ms.
Unloading 2380 Unused Serialized files (Serialized files now loaded: 0)
System memory in use before: 114.8 MB.
System memory in use after: 112.6 MB.

Unloading 42 unused Assets to reduce memory usage. Loaded Objects now: 2953.
Total: 6.649500 ms (FindLiveObjects: 0.525900 ms CreateObjectMapping: 0.255100 ms MarkObjects: 3.515300 ms  DeleteObjects: 2.350600 ms)

========================================================================
Received Prepare
Registering precompiled user dll's ...
Registered in 0.014571 seconds.
Begin MonoManager ReloadAssembly
Native extension for LinuxStandalone target not found
Native extension for WindowsStandalone target not found
Native extension for OSXStandalone target not found
Native extension for WebGL target not found
Refreshing native plugins compatible for Editor in 1.22 ms, found 0 plugins.
Preloading 0 native plugins for Editor in 0.00 ms.
Invoked RoslynAnalysisRunner static constructor.
RoslynAnalysisRunner will not be running.
RoslynAnalysisRunner has terminated.
Mono: successfully reloaded assembly
- Completed reload, in  5.491 seconds
Platform modules already initialized, skipping
Shader 'Universal Render Pipeline/Particles/Lit': fallback shader 'Universal Render Pipeline/Particles/SimpleLit' not found
Shader 'Universal Render Pipeline/Particles/Lit': fallback shader 'Universal Render Pipeline/Particles/SimpleLit' not found
Refreshing native plugins compatible for Editor in 3.01 ms, found 0 plugins.
Preloading 0 native plugins for Editor in 0.00 ms.
Unloading 2380 Unused Serialized files (Serialized files now loaded: 0)
System memory in use before: 114.9 MB.
System memory in use after: 112.6 MB.

Unloading 42 unused Assets to reduce memory usage. Loaded Objects now: 2956.
Total: 22.502200 ms (FindLiveObjects: 2.443700 ms CreateObjectMapping: 0.692300 ms MarkObjects: 12.367800 ms  DeleteObjects: 6.990500 ms)

========================================================================
Received Import Request.
  Time since last request: 330.827029 seconds.
  path: Assets/Audio/Mixer.mixer
  artifactKey: Guid(146413e9f34ab314aa334a3e0bed4c4a) Importer(815301076,1909f56bfc062723c751e8b465ee728b)
Start importing Assets/Audio/Mixer.mixer using Guid(146413e9f34ab314aa334a3e0bed4c4a) Importer(815301076,1909f56bfc062723c751e8b465ee728b)  -> (artifact id: '385497c968f8270a4878b3b0119db128') in 0.054324 seconds
  Import took 0.061807 seconds .

========================================================================
Received Import Request.
  Time since last request: 15.280343 seconds.
  path: Assets/Audio/Mixer.mixer
  artifactKey: Guid(146413e9f34ab314aa334a3e0bed4c4a) Importer(815301076,1909f56bfc062723c751e8b465ee728b)
Start importing Assets/Audio/Mixer.mixer using Guid(146413e9f34ab314aa334a3e0bed4c4a) Importer(815301076,1909f56bfc062723c751e8b465ee728b)  -> (artifact id: '04eac5bb7bcc612efbaaa7b2cbb68275') in 0.031454 seconds
  Import took 0.038113 seconds .

========================================================================
Received Prepare
Registering precompiled user dll's ...
Registered in 0.003561 seconds.
Begin MonoManager ReloadAssembly
Native extension for LinuxStandalone target not found
Native extension for WindowsStandalone target not found
Native extension for OSXStandalone target not found
Native extension for WebGL target not found
Refreshing native plugins compatible for Editor in 1.12 ms, found 0 plugins.
Preloading 0 native plugins for Editor in 0.00 ms.
Invoked RoslynAnalysisRunner static constructor.
RoslynAnalysisRunner will not be running.
RoslynAnalysisRunner has terminated.
Mono: successfully reloaded assembly
- Completed reload, in  3.104 seconds
Platform modules already initialized, skipping
Shader 'Universal Render Pipeline/Particles/Lit': fallback shader 'Universal Render Pipeline/Particles/SimpleLit' not found
Shader 'Universal Render Pipeline/Particles/Lit': fallback shader 'Universal Render Pipeline/Particles/SimpleLit' not found
Refreshing native plugins compatible for Editor in 0.61 ms, found 0 plugins.
Preloading 0 native plugins for Editor in 0.00 ms.
Unloading 2380 Unused Serialized files (Serialized files now loaded: 0)
System memory in use before: 115.0 MB.
System memory in use after: 112.7 MB.

Unloading 42 unused Assets to reduce memory usage. Loaded Objects now: 2959.
Total: 4.612100 ms (FindLiveObjects: 0.356300 ms CreateObjectMapping: 0.167400 ms MarkObjects: 2.212400 ms  DeleteObjects: 1.874100 ms)

========================================================================
Received Import Request.
  Time since last request: 36.450575 seconds.
  path: Assets/Audio/Mixer.mixer
  artifactKey: Guid(146413e9f34ab314aa334a3e0bed4c4a) Importer(815301076,1909f56bfc062723c751e8b465ee728b)
Start importing Assets/Audio/Mixer.mixer using Guid(146413e9f34ab314aa334a3e0bed4c4a) Importer(815301076,1909f56bfc062723c751e8b465ee728b)  -> (artifact id: '848efda0286206eaf7f0e9d074b26a5b') in 0.041181 seconds
  Import took 0.051567 seconds .

========================================================================
Received Import Request.
  Time since last request: 12.172328 seconds.
  path: Assets/Audio/Mixer.mixer
  artifactKey: Guid(146413e9f34ab314aa334a3e0bed4c4a) Importer(815301076,1909f56bfc062723c751e8b465ee728b)
Start importing Assets/Audio/Mixer.mixer using Guid(146413e9f34ab314aa334a3e0bed4c4a) Importer(815301076,1909f56bfc062723c751e8b465ee728b)  -> (artifact id: '8716540b758df8572f987b85aec7aa41') in 0.017069 seconds
  Import took 0.027600 seconds .

========================================================================
Received Prepare
Registering precompiled user dll's ...
Registered in 0.005746 seconds.
Begin MonoManager ReloadAssembly
Native extension for LinuxStandalone target not found
Native extension for WindowsStandalone target not found
Native extension for OSXStandalone target not found
Native extension for WebGL target not found
Refreshing native plugins compatible for Editor in 1.53 ms, found 0 plugins.
Preloading 0 native plugins for Editor in 0.00 ms.
Invoked RoslynAnalysisRunner static constructor.
RoslynAnalysisRunner will not be running.
RoslynAnalysisRunner has terminated.
Mono: successfully reloaded assembly
- Completed reload, in  7.773 seconds
Platform modules already initialized, skipping
Shader 'Universal Render Pipeline/Particles/Lit': fallback shader 'Universal Render Pipeline/Particles/SimpleLit' not found
Shader 'Universal Render Pipeline/Particles/Lit': fallback shader 'Universal Render Pipeline/Particles/SimpleLit' not found
Refreshing native plugins compatible for Editor in 1.90 ms, found 0 plugins.
Preloading 0 native plugins for Editor in 0.00 ms.
Unloading 2380 Unused Serialized files (Serialized files now loaded: 0)
System memory in use before: 115.0 MB.
System memory in use after: 112.7 MB.

Unloading 42 unused Assets to reduce memory usage. Loaded Objects now: 2962.
Total: 17.383200 ms (FindLiveObjects: 3.138700 ms CreateObjectMapping: 0.801800 ms MarkObjects: 8.095100 ms  DeleteObjects: 5.343300 ms)

========================================================================
Received Prepare
Registering precompiled user dll's ...
Registered in 0.002673 seconds.
Begin MonoManager ReloadAssembly
Native extension for LinuxStandalone target not found
Native extension for WindowsStandalone target not found
Native extension for OSXStandalone target not found
Native extension for WebGL target not found
Refreshing native plugins compatible for Editor in 0.81 ms, found 0 plugins.
Preloading 0 native plugins for Editor in 0.00 ms.
Invoked RoslynAnalysisRunner static constructor.
RoslynAnalysisRunner will not be running.
RoslynAnalysisRunner has terminated.
Mono: successfully reloaded assembly
- Completed reload, in  2.563 seconds
Platform modules already initialized, skipping
Shader 'Universal Render Pipeline/Particles/Lit': fallback shader 'Universal Render Pipeline/Particles/SimpleLit' not found
Shader 'Universal Render Pipeline/Particles/Lit': fallback shader 'Universal Render Pipeline/Particles/SimpleLit' not found
Refreshing native plugins compatible for Editor in 0.87 ms, found 0 plugins.
Preloading 0 native plugins for Editor in 0.00 ms.
Unloading 2380 Unused Serialized files (Serialized files now loaded: 0)
System memory in use before: 115.0 MB.
System memory in use after: 112.7 MB.

Unloading 42 unused Assets to reduce memory usage. Loaded Objects now: 2965.
Total: 5.783600 ms (FindLiveObjects: 0.523600 ms CreateObjectMapping: 0.236700 ms MarkObjects: 2.772800 ms  DeleteObjects: 2.248100 ms)

========================================================================
Received Prepare
Registering precompiled user dll's ...
Registered in 0.004666 seconds.
Begin MonoManager ReloadAssembly
Native extension for LinuxStandalone target not found
Native extension for WindowsStandalone target not found
Native extension for OSXStandalone target not found
Native extension for WebGL target not found
Refreshing native plugins compatible for Editor in 0.75 ms, found 0 plugins.
Preloading 0 native plugins for Editor in 0.00 ms.
Invoked RoslynAnalysisRunner static constructor.
RoslynAnalysisRunner will not be running.
RoslynAnalysisRunner has terminated.
Mono: successfully reloaded assembly
- Completed reload, in  5.096 seconds
Platform modules already initialized, skipping
Shader 'Universal Render Pipeline/Particles/Lit': fallback shader 'Universal Render Pipeline/Particles/SimpleLit' not found
Shader 'Universal Render Pipeline/Particles/Lit': fallback shader 'Universal Render Pipeline/Particles/SimpleLit' not found
Refreshing native plugins compatible for Editor in 1.00 ms, found 0 plugins.
Preloading 0 native plugins for Editor in 0.00 ms.
Unloading 2380 Unused Serialized files (Serialized files now loaded: 0)
System memory in use before: 114.9 MB.
System memory in use after: 112.6 MB.

Unloading 42 unused Assets to reduce memory usage. Loaded Objects now: 2968.
Total: 16.262500 ms (FindLiveObjects: 3.429100 ms CreateObjectMapping: 0.428900 ms MarkObjects: 7.140700 ms  DeleteObjects: 5.260600 ms)

========================================================================
Received Prepare
Registering precompiled user dll's ...
Registered in 0.011864 seconds.
Begin MonoManager ReloadAssembly
Native extension for LinuxStandalone target not found
Native extension for WindowsStandalone target not found
Native extension for OSXStandalone target not found
Native extension for WebGL target not found
Refreshing native plugins compatible for Editor in 1.28 ms, found 0 plugins.
Preloading 0 native plugins for Editor in 0.00 ms.
Invoked RoslynAnalysisRunner static constructor.
RoslynAnalysisRunner will not be running.
RoslynAnalysisRunner has terminated.
Mono: successfully reloaded assembly
- Completed reload, in  6.900 seconds
Platform modules already initialized, skipping
Shader 'Universal Render Pipeline/Particles/Lit': fallback shader 'Universal Render Pipeline/Particles/SimpleLit' not found
Shader 'Universal Render Pipeline/Particles/Lit': fallback shader 'Universal Render Pipeline/Particles/SimpleLit' not found
Refreshing native plugins compatible for Editor in 1.00 ms, found 0 plugins.
Preloading 0 native plugins for Editor in 0.00 ms.
Unloading 2380 Unused Serialized files (Serialized files now loaded: 0)
System memory in use before: 115.0 MB.
System memory in use after: 112.7 MB.

Unloading 42 unused Assets to reduce memory usage. Loaded Objects now: 2971.
Total: 31.261500 ms (FindLiveObjects: 0.812800 ms CreateObjectMapping: 0.408500 ms MarkObjects: 17.934100 ms  DeleteObjects: 12.101800 ms)

========================================================================
Received Prepare
Registering precompiled user dll's ...
Registered in 0.001730 seconds.
Begin MonoManager ReloadAssembly
Native extension for LinuxStandalone target not found
Native extension for WindowsStandalone target not found
Native extension for OSXStandalone target not found
Native extension for WebGL target not found
Refreshing native plugins compatible for Editor in 0.55 ms, found 0 plugins.
Preloading 0 native plugins for Editor in 0.00 ms.
Invoked RoslynAnalysisRunner static constructor.
RoslynAnalysisRunner will not be running.
RoslynAnalysisRunner has terminated.
Mono: successfully reloaded assembly
- Completed reload, in  4.613 seconds
Platform modules already initialized, skipping
Shader 'Universal Render Pipeline/Particles/Lit': fallback shader 'Universal Render Pipeline/Particles/SimpleLit' not found
Shader 'Universal Render Pipeline/Particles/Lit': fallback shader 'Universal Render Pipeline/Particles/SimpleLit' not found
Refreshing native plugins compatible for Editor in 1.34 ms, found 0 plugins.
Preloading 0 native plugins for Editor in 0.00 ms.
Unloading 2380 Unused Serialized files (Serialized files now loaded: 0)
System memory in use before: 115.0 MB.
System memory in use after: 112.7 MB.

Unloading 42 unused Assets to reduce memory usage. Loaded Objects now: 2974.
Total: 6.844900 ms (FindLiveObjects: 0.369800 ms CreateObjectMapping: 0.232500 ms MarkObjects: 3.719500 ms  DeleteObjects: 2.521100 ms)

========================================================================
Received Prepare
Registering precompiled user dll's ...
Registered in 0.002408 seconds.
Begin MonoManager ReloadAssembly
Native extension for LinuxStandalone target not found
Native extension for WindowsStandalone target not found
Native extension for OSXStandalone target not found
Native extension for WebGL target not found
Refreshing native plugins compatible for Editor in 0.52 ms, found 0 plugins.
Preloading 0 native plugins for Editor in 0.00 ms.
Invoked RoslynAnalysisRunner static constructor.
RoslynAnalysisRunner will not be running.
RoslynAnalysisRunner has terminated.
Mono: successfully reloaded assembly
- Completed reload, in  2.505 seconds
Platform modules already initialized, skipping
Shader 'Universal Render Pipeline/Particles/Lit': fallback shader 'Universal Render Pipeline/Particles/SimpleLit' not found
Shader 'Universal Render Pipeline/Particles/Lit': fallback shader 'Universal Render Pipeline/Particles/SimpleLit' not found
Refreshing native plugins compatible for Editor in 0.87 ms, found 0 plugins.
Preloading 0 native plugins for Editor in 0.00 ms.
Unloading 2380 Unused Serialized files (Serialized files now loaded: 0)
System memory in use before: 115.0 MB.
System memory in use after: 112.7 MB.

Unloading 42 unused Assets to reduce memory usage. Loaded Objects now: 2977.
Total: 6.733600 ms (FindLiveObjects: 0.941600 ms CreateObjectMapping: 0.333400 ms MarkObjects: 2.761500 ms  DeleteObjects: 2.694700 ms)

========================================================================
Received Prepare
Registering precompiled user dll's ...
Registered in 0.003711 seconds.
Begin MonoManager ReloadAssembly
Native extension for LinuxStandalone target not found
Native extension for WindowsStandalone target not found
Native extension for OSXStandalone target not found
Native extension for WebGL target not found
Refreshing native plugins compatible for Editor in 1.50 ms, found 0 plugins.
Preloading 0 native plugins for Editor in 0.00 ms.
Invoked RoslynAnalysisRunner static constructor.
RoslynAnalysisRunner will not be running.
RoslynAnalysisRunner has terminated.
Mono: successfully reloaded assembly
- Completed reload, in 11.344 seconds
Platform modules already initialized, skipping
Shader 'Universal Render Pipeline/Particles/Lit': fallback shader 'Universal Render Pipeline/Particles/SimpleLit' not found
Shader 'Universal Render Pipeline/Particles/Lit': fallback shader 'Universal Render Pipeline/Particles/SimpleLit' not found
Refreshing native plugins compatible for Editor in 3.49 ms, found 0 plugins.
Preloading 0 native plugins for Editor in 0.00 ms.
Unloading 2380 Unused Serialized files (Serialized files now loaded: 0)
System memory in use before: 115.0 MB.
System memory in use after: 112.7 MB.

Unloading 42 unused Assets to reduce memory usage. Loaded Objects now: 2980.
Total: 22.615800 ms (FindLiveObjects: 1.031800 ms CreateObjectMapping: 0.400200 ms MarkObjects: 9.108500 ms  DeleteObjects: 12.070900 ms)

========================================================================
Received Prepare
Registering precompiled user dll's ...
Registered in 0.005800 seconds.
Begin MonoManager ReloadAssembly
Native extension for LinuxStandalone target not found
Native extension for WindowsStandalone target not found
Native extension for OSXStandalone target not found
Native extension for WebGL target not found
Refreshing native plugins compatible for Editor in 0.79 ms, found 0 plugins.
Preloading 0 native plugins for Editor in 0.00 ms.
Invoked RoslynAnalysisRunner static constructor.
RoslynAnalysisRunner will not be running.
RoslynAnalysisRunner has terminated.
Mono: successfully reloaded assembly
- Completed reload, in  1.376 seconds
Platform modules already initialized, skipping
Shader 'Universal Render Pipeline/Particles/Lit': fallback shader 'Universal Render Pipeline/Particles/SimpleLit' not found
Shader 'Universal Render Pipeline/Particles/Lit': fallback shader 'Universal Render Pipeline/Particles/SimpleLit' not found
Refreshing native plugins compatible for Editor in 0.84 ms, found 0 plugins.
Preloading 0 native plugins for Editor in 0.00 ms.
Unloading 2380 Unused Serialized files (Serialized files now loaded: 0)
System memory in use before: 114.9 MB.
System memory in use after: 112.6 MB.

Unloading 42 unused Assets to reduce memory usage. Loaded Objects now: 2983.
Total: 6.797500 ms (FindLiveObjects: 0.477700 ms CreateObjectMapping: 0.219100 ms MarkObjects: 3.476500 ms  DeleteObjects: 2.621900 ms)

========================================================================
Received Prepare
Registering precompiled user dll's ...
Registered in 0.006580 seconds.
Begin MonoManager ReloadAssembly
Native extension for LinuxStandalone target not found
Native extension for WindowsStandalone target not found
Native extension for OSXStandalone target not found
Native extension for WebGL target not found
Refreshing native plugins compatible for Editor in 1.11 ms, found 0 plugins.
Preloading 0 native plugins for Editor in 0.00 ms.
Invoked RoslynAnalysisRunner static constructor.
RoslynAnalysisRunner will not be running.
RoslynAnalysisRunner has terminated.
Mono: successfully reloaded assembly
- Completed reload, in  5.579 seconds
Platform modules already initialized, skipping
Shader 'Universal Render Pipeline/Particles/Lit': fallback shader 'Universal Render Pipeline/Particles/SimpleLit' not found
Shader 'Universal Render Pipeline/Particles/Lit': fallback shader 'Universal Render Pipeline/Particles/SimpleLit' not found
Refreshing native plugins compatible for Editor in 0.82 ms, found 0 plugins.
Preloading 0 native plugins for Editor in 0.00 ms.
Unloading 2380 Unused Serialized files (Serialized files now loaded: 0)
System memory in use before: 115.0 MB.
System memory in use after: 112.7 MB.

Unloading 42 unused Assets to reduce memory usage. Loaded Objects now: 2986.
Total: 16.287700 ms (FindLiveObjects: 1.489900 ms CreateObjectMapping: 0.531600 ms MarkObjects: 7.219000 ms  DeleteObjects: 7.042100 ms)

========================================================================
Received Prepare
Registering precompiled user dll's ...
Registered in 0.001841 seconds.
Begin MonoManager ReloadAssembly
Native extension for LinuxStandalone target not found
Native extension for WindowsStandalone target not found
Native extension for OSXStandalone target not found
Native extension for WebGL target not found
Refreshing native plugins compatible for Editor in 0.52 ms, found 0 plugins.
Preloading 0 native plugins for Editor in 0.00 ms.
Invoked RoslynAnalysisRunner static constructor.
RoslynAnalysisRunner will not be running.
RoslynAnalysisRunner has terminated.
Mono: successfully reloaded assembly
- Completed reload, in  1.417 seconds
Platform modules already initialized, skipping
Shader 'Universal Render Pipeline/Particles/Lit': fallback shader 'Universal Render Pipeline/Particles/SimpleLit' not found
Shader 'Universal Render Pipeline/Particles/Lit': fallback shader 'Universal Render Pipeline/Particles/SimpleLit' not found
Refreshing native plugins compatible for Editor in 0.95 ms, found 0 plugins.
Preloading 0 native plugins for Editor in 0.00 ms.
Unloading 2380 Unused Serialized files (Serialized files now loaded: 0)
System memory in use before: 115.0 MB.
System memory in use after: 112.7 MB.

Unloading 42 unused Assets to reduce memory usage. Loaded Objects now: 2989.
Total: 6.666100 ms (FindLiveObjects: 0.368000 ms CreateObjectMapping: 0.205800 ms MarkObjects: 3.448800 ms  DeleteObjects: 2.640800 ms)

========================================================================
Received Prepare
Registering precompiled user dll's ...
Registered in 0.004341 seconds.
Begin MonoManager ReloadAssembly
Native extension for LinuxStandalone target not found
Native extension for WindowsStandalone target not found
Native extension for OSXStandalone target not found
Native extension for WebGL target not found
Refreshing native plugins compatible for Editor in 1.25 ms, found 0 plugins.
Preloading 0 native plugins for Editor in 0.00 ms.
Invoked RoslynAnalysisRunner static constructor.
RoslynAnalysisRunner will not be running.
RoslynAnalysisRunner has terminated.
Mono: successfully reloaded assembly
- Completed reload, in  6.545 seconds
Platform modules already initialized, skipping
Shader 'Universal Render Pipeline/Particles/Lit': fallback shader 'Universal Render Pipeline/Particles/SimpleLit' not found
Shader 'Universal Render Pipeline/Particles/Lit': fallback shader 'Universal Render Pipeline/Particles/SimpleLit' not found
Refreshing native plugins compatible for Editor in 3.03 ms, found 0 plugins.
Preloading 0 native plugins for Editor in 0.00 ms.
Unloading 2380 Unused Serialized files (Serialized files now loaded: 0)
System memory in use before: 115.0 MB.
System memory in use after: 112.7 MB.

Unloading 42 unused Assets to reduce memory usage. Loaded Objects now: 2992.
Total: 18.674800 ms (FindLiveObjects: 2.666300 ms CreateObjectMapping: 0.723300 ms MarkObjects: 4.597900 ms  DeleteObjects: 10.680500 ms)

========================================================================
Received Import Request.
  Time since last request: 660.655797 seconds.
  path: Assets/Animations/GameStates FSM
  artifactKey: Guid(d2be0748ec02af142b73c4468601373a) Importer(815301076,1909f56bfc062723c751e8b465ee728b)
Start importing Assets/Animations/GameStates FSM using Guid(d2be0748ec02af142b73c4468601373a) Importer(815301076,1909f56bfc062723c751e8b465ee728b)  -> (artifact id: 'fa9bfc05c831b27fd81e5064d8fd882f') in 0.024136 seconds
  Import took 0.031073 seconds .

AssetImportWorkerClient::OnTransportError - code=2 error=End of file
